2015-06-01 09:52:25,892 - __main__ - INFO - SELECT event_id,title,longitude,latitude,depth,mag,place,alert,status,tsunami,event_time FROM USGS_EQ_DATA WHERE Upper(place) like '%JAPAN%' AND event_time > '2015-05-01' AND event_time < '2015-05-10' ORDER BY mag
2015-06-01 09:54:35,657 - __main__ - INFO - SELECT event_id,title,longitude,latitude,depth,mag,place,alert,status,tsunami,event_time FROM USGS_EQ_DATA WHERE Upper(place) like '%JAPAN%' AND event_time > '2015-05-01' AND event_time < '2015-05-10' ORDER BY mag
2015-06-01 09:54:51,107 - __main__ - INFO - SELECT event_id,title,longitude,latitude,depth,mag,place,alert,status,tsunami,event_time FROM USGS_EQ_DATA WHERE Upper(place) like '%JAPAN%' AND event_time > '2015-05-01' AND event_time < '2015-05-10' ORDER BY mag
2015-06-01 09:55:15,690 - __main__ - INFO - SELECT event_id,title,longitude,latitude,depth,mag,place,alert,status,tsunami,event_time FROM USGS_EQ_DATA WHERE Upper(place) like '%JAPAN%' AND event_time > '2015-05-01' AND event_time < '2015-05-10' ORDER BY mag
2015-06-01 09:55:16,843 - __main__ - INFO - SELECT event_id,title,longitude,latitude,depth,mag,place,alert,status,tsunami,event_time FROM USGS_EQ_DATA WHERE Upper(place) like '%JAPAN%' AND event_time > '2015-05-01' AND event_time < '2015-05-10' ORDER BY mag
2015-06-01 09:55:17,291 - __main__ - INFO - SELECT event_id,title,longitude,latitude,depth,mag,place,alert,status,tsunami,event_time FROM USGS_EQ_DATA WHERE Upper(place) like '%JAPAN%' AND event_time > '2015-05-01' AND event_time < '2015-05-10' ORDER BY mag
2015-06-01 09:56:22,025 - __main__ - INFO - SELECT event_id,title,longitude,latitude,depth,mag,place,alert,status,tsunami,event_time FROM USGS_EQ_DATA WHERE Upper(place) like '%JAPAN%' AND event_time > '2015-05-01' AND event_time < '2015-05-10' ORDER BY mag
2015-06-01 09:59:48,825 - __main__ - INFO - SELECT event_id,title,longitude,latitude,depth,mag,place,alert,status,tsunami,event_time FROM USGS_EQ_DATA WHERE Upper(place) like '%JAPAN%' AND event_time > '2015-05-01' AND event_time < '2015-05-10' ORDER BY mag
2015-06-01 10:04:09,971 - __main__ - INFO - SELECT event_id,title,longitude,latitude,depth,mag,place,alert,status,tsunami,event_time FROM USGS_EQ_DATA WHERE Upper(place) like '%JAPAN%' AND event_time > '2015-05-01' AND event_time < '2015-05-10' ORDER BY mag
2015-06-01 10:04:12,349 - __main__ - INFO - SELECT event_id,title,longitude,latitude,depth,mag,place,alert,status,tsunami,event_time FROM USGS_EQ_DATA WHERE Upper(place) like '%JAPAN%' AND event_time > '2015-05-01' AND event_time < '2015-05-10' ORDER BY mag
2015-06-01 10:04:29,035 - __main__ - INFO - SELECT event_id,title,longitude,latitude,depth,mag,place,alert,status,tsunami,event_time FROM USGS_EQ_DATA WHERE Upper(place) like '%JAPAN%' AND event_time > '2015-05-01' AND event_time < '2015-05-10' ORDER BY mag
2015-06-01 10:07:04,115 - __main__ - INFO - SELECT event_id,title,longitude,latitude,depth,mag,place,alert,status,tsunami,event_time FROM USGS_EQ_DATA WHERE Upper(place) like '%JAPAN%' AND event_time > '2015-05-01' AND event_time < '2015-05-10' ORDER BY mag
2015-06-01 10:07:33,117 - __main__ - INFO - SELECT event_id,title,longitude,latitude,depth,mag,place,alert,status,tsunami,event_time FROM USGS_EQ_DATA WHERE Upper(place) like '%JAPAN%' AND event_time > '2015-05-01' AND event_time < '2015-05-10' ORDER BY mag
2015-06-01 10:12:05,086 - __main__ - INFO - SELECT event_id,title,longitude,latitude,depth,mag,place,alert,status,tsunami,event_time FROM USGS_EQ_DATA WHERE Upper(place) like '%JAPAN%' AND event_time > '2015-05-01' AND event_time < '2015-05-10' ORDER BY mag
2015-06-01 10:37:07,379 - __main__ - INFO - SELECT event_id,title,longitude,latitude,depth,mag,place,alert,status,tsunami,event_time FROM USGS_EQ_DATA WHERE Upper(place) like '%JAPAN%' AND event_time > '2015-05-01' AND event_time < '2015-05-10' ORDER BY mag
2015-06-01 10:39:40,133 - __main__ - INFO - SELECT event_id,title,longitude,latitude,depth,mag,place,alert,status,tsunami,event_time FROM USGS_EQ_DATA WHERE Upper(place) like '%JAPAN%' AND event_time > '2015-05-01' AND event_time < '2015-05-10' ORDER BY mag
2015-06-01 10:41:12,630 - __main__ - INFO - SELECT event_id,title,longitude,latitude,depth,mag,place,alert,status,tsunami,event_time FROM USGS_EQ_DATA WHERE Upper(place) like '%JAPAN%' AND event_time > '2015-05-01' AND event_time < '2015-05-10' ORDER BY mag
2015-06-01 10:41:13,422 - __main__ - INFO - SELECT event_id,title,longitude,latitude,depth,mag,place,alert,status,tsunami,event_time FROM USGS_EQ_DATA WHERE Upper(place) like '%JAPAN%' AND event_time > '2015-05-01' AND event_time < '2015-05-10' ORDER BY mag
2015-06-01 10:41:15,297 - __main__ - INFO - SELECT event_id,title,longitude,latitude,depth,mag,place,alert,status,tsunami,event_time FROM USGS_EQ_DATA WHERE Upper(place) like '%JAPAN%' AND event_time > '2015-05-01' AND event_time < '2015-05-10' ORDER BY mag
2015-06-01 10:42:35,663 - __main__ - INFO - SELECT event_id,title,longitude,latitude,depth,mag,place,alert,status,tsunami,event_time FROM USGS_EQ_DATA WHERE Upper(place) like '%JAPAN%' AND event_time > '2015-05-01' AND event_time < '2015-05-10' ORDER BY mag
2015-06-01 10:42:36,879 - __main__ - INFO - SELECT event_id,title,longitude,latitude,depth,mag,place,alert,status,tsunami,event_time FROM USGS_EQ_DATA WHERE Upper(place) like '%JAPAN%' AND event_time > '2015-05-01' AND event_time < '2015-05-10' ORDER BY mag
2015-06-01 10:42:38,890 - __main__ - INFO - SELECT event_id,title,longitude,latitude,depth,mag,place,alert,status,tsunami,event_time FROM USGS_EQ_DATA WHERE Upper(place) like '%JAPAN%' AND event_time > '2015-05-01' AND event_time < '2015-05-10' ORDER BY mag
2015-06-01 10:43:01,654 - __main__ - INFO - SELECT event_id,title,longitude,latitude,depth,mag,place,alert,status,tsunami,event_time FROM USGS_EQ_DATA WHERE Upper(place) like '%JAPAN%' AND event_time > '2015-05-01' AND event_time < '2015-05-10' ORDER BY mag
2015-06-01 10:44:23,369 - __main__ - INFO - SELECT event_id,title,longitude,latitude,depth,mag,place,alert,status,tsunami,event_time FROM USGS_EQ_DATA WHERE Upper(place) like '%JAPAN%' AND event_time > '2015-05-01' AND event_time < '2015-05-10' ORDER BY mag
2015-06-01 10:45:54,481 - __main__ - INFO - SELECT event_id,title,longitude,latitude,depth,mag,place,alert,status,tsunami,event_time FROM USGS_EQ_DATA WHERE Upper(place) like '%JAPAN%' AND event_time > '2015-05-01' AND event_time < '2015-05-10' ORDER BY mag
2015-06-01 10:45:54,674 - __main__ - INFO - SELECT event_id,title,longitude,latitude,depth,mag,place,alert,status,tsunami,event_time FROM USGS_EQ_DATA WHERE Upper(place) like '%JAPAN%' AND event_time > '2015-05-01' AND event_time < '2015-05-10' ORDER BY mag
2015-06-01 10:46:58,481 - __main__ - INFO - SELECT event_id,title,longitude,latitude,depth,mag,place,alert,status,tsunami,event_time FROM USGS_EQ_DATA WHERE Upper(place) like '%JAPAN%' AND event_time > '2015-05-01' AND event_time < '2015-05-10' ORDER BY mag
2015-06-01 10:47:28,395 - __main__ - INFO - SELECT event_id,title,longitude,latitude,depth,mag,place,alert,status,tsunami,event_time FROM USGS_EQ_DATA WHERE Upper(place) like '%JAPAN%' AND event_time > '2015-05-01' AND event_time < '2015-05-10' ORDER BY mag
2015-06-01 10:48:10,741 - __main__ - INFO - SELECT event_id,title,longitude,latitude,depth,mag,place,alert,status,tsunami,event_time FROM USGS_EQ_DATA WHERE Upper(place) like '%JAPAN%' AND event_time > '2015-05-01' AND event_time < '2015-05-10' ORDER BY mag
2015-06-01 10:48:37,125 - __main__ - INFO - SELECT event_id,title,longitude,latitude,depth,mag,place,alert,status,tsunami,event_time FROM USGS_EQ_DATA WHERE Upper(place) like '%JAPAN%' AND event_time > '2015-05-01' AND event_time < '2015-05-10' ORDER BY depth
2015-06-01 10:50:42,302 - __main__ - INFO - SELECT event_id,title,longitude,latitude,depth,mag,place,alert,status,tsunami,event_time FROM USGS_EQ_DATA WHERE Upper(place) like '%JAPAN%' AND event_time > '2015-05-01' AND event_time < '2015-05-10' ORDER BY mag
2015-06-01 10:51:26,982 - __main__ - INFO - SELECT event_id,title,longitude,latitude,depth,mag,place,alert,status,tsunami,event_time FROM USGS_EQ_DATA WHERE Upper(place) like '%JAPAN%' AND event_time > '2015-05-01' AND event_time < '2015-05-10' ORDER BY mag
2015-06-01 10:51:30,389 - __main__ - INFO - SELECT event_id,title,longitude,latitude,depth,mag,place,alert,status,tsunami,event_time FROM USGS_EQ_DATA WHERE Upper(place) like '%JAPAN%' AND event_time > '2015-05-01' AND event_time < '2015-05-10' ORDER BY depth
2015-06-01 10:51:32,125 - __main__ - INFO - SELECT event_id,title,longitude,latitude,depth,mag,place,alert,status,tsunami,event_time FROM USGS_EQ_DATA WHERE Upper(place) like '%JAPAN%' AND event_time > '2015-05-01' AND event_time < '2015-05-10' ORDER BY latitude
2015-06-01 10:51:32,941 - __main__ - INFO - SELECT event_id,title,longitude,latitude,depth,mag,place,alert,status,tsunami,event_time FROM USGS_EQ_DATA WHERE Upper(place) like '%JAPAN%' AND event_time > '2015-05-01' AND event_time < '2015-05-10' ORDER BY mag
2015-06-01 10:51:36,229 - __main__ - INFO - SELECT event_id,title,longitude,latitude,depth,mag,place,alert,status,tsunami,event_time FROM USGS_EQ_DATA WHERE Upper(place) like '%JAPAN%' AND event_time > '2015-05-01' AND event_time < '2015-05-10' ORDER BY longitude
2015-06-01 10:52:12,981 - __main__ - INFO - SELECT event_id,title,longitude,latitude,depth,mag,place,alert,status,tsunami,event_time FROM USGS_EQ_DATA WHERE Upper(place) like '%JAPAN%' AND event_time > '2015-05-01' AND event_time < '2015-05-10' ORDER BY longitude
2015-06-01 10:52:14,294 - __main__ - INFO - SELECT event_id,title,longitude,latitude,depth,mag,place,alert,status,tsunami,event_time FROM USGS_EQ_DATA WHERE Upper(place) like '%JAPAN%' AND event_time > '2015-05-01' AND event_time < '2015-05-10' ORDER BY longitude
2015-06-01 10:52:17,401 - __main__ - INFO - SELECT event_id,title,longitude,latitude,depth,mag,place,alert,status,tsunami,event_time FROM USGS_EQ_DATA WHERE Upper(place) like '%JAPAN%' AND event_time > '2015-05-01' AND event_time < '2015-05-10' ORDER BY longitude
2015-06-01 10:52:19,174 - __main__ - INFO - SELECT event_id,title,longitude,latitude,depth,mag,place,alert,status,tsunami,event_time FROM USGS_EQ_DATA WHERE Upper(place) like '%JAPAN%' AND event_time > '2015-05-01' AND event_time < '2015-05-10' ORDER BY latitude
2015-06-01 10:52:20,118 - __main__ - INFO - SELECT event_id,title,longitude,latitude,depth,mag,place,alert,status,tsunami,event_time FROM USGS_EQ_DATA WHERE Upper(place) like '%JAPAN%' AND event_time > '2015-05-01' AND event_time < '2015-05-10' ORDER BY longitude
2015-06-01 10:52:21,085 - __main__ - INFO - SELECT event_id,title,longitude,latitude,depth,mag,place,alert,status,tsunami,event_time FROM USGS_EQ_DATA WHERE Upper(place) like '%JAPAN%' AND event_time > '2015-05-01' AND event_time < '2015-05-10' ORDER BY event_id
2015-06-01 10:52:37,880 - __main__ - INFO - SELECT event_id,title,longitude,latitude,depth,mag,place,alert,status,tsunami,event_time FROM USGS_EQ_DATA WHERE Upper(place) like '%JAPAN%' AND event_time > '2015-05-01' AND event_time < '2015-05-10' ORDER BY mag
2015-06-01 10:54:22,169 - __main__ - INFO - SELECT event_id,title,longitude,latitude,depth,mag,place,alert,status,tsunami,event_time FROM USGS_EQ_DATA WHERE Upper(place) like '%JAPAN%' AND event_time > '2015-05-01' AND event_time < '2015-05-10' ORDER BY mag
2015-06-01 10:54:22,936 - __main__ - INFO - SELECT event_id,title,longitude,latitude,depth,mag,place,alert,status,tsunami,event_time FROM USGS_EQ_DATA WHERE Upper(place) like '%JAPAN%' AND event_time > '2015-05-01' AND event_time < '2015-05-10' ORDER BY mag
2015-06-01 10:56:04,865 - __main__ - INFO - SELECT event_id,title,longitude,latitude,depth,mag,place,alert,status,tsunami,event_time FROM USGS_EQ_DATA WHERE Upper(place) like '%JAPAN%' AND event_time > '2015-05-01' AND event_time < '2015-05-10' ORDER BY mag
2015-06-01 10:56:20,314 - __main__ - INFO - SELECT event_id,title,longitude,latitude,depth,mag,place,alert,status,tsunami,event_time FROM USGS_EQ_DATA WHERE Upper(place) like '%JAPAN%' AND event_time > '2015-05-01' AND event_time < '2015-05-10' ORDER BY mag
2015-06-01 10:56:22,689 - __main__ - INFO - SELECT event_id,title,longitude,latitude,depth,mag,place,alert,status,tsunami,event_time FROM USGS_EQ_DATA WHERE Upper(place) like '%JAPAN%' AND event_time > '2015-05-01' AND event_time < '2015-05-10' ORDER BY mag
2015-06-01 10:56:23,538 - __main__ - INFO - SELECT event_id,title,longitude,latitude,depth,mag,place,alert,status,tsunami,event_time FROM USGS_EQ_DATA WHERE Upper(place) like '%JAPAN%' AND event_time > '2015-05-01' AND event_time < '2015-05-10' ORDER BY depth
2015-06-01 10:56:24,289 - __main__ - INFO - SELECT event_id,title,longitude,latitude,depth,mag,place,alert,status,tsunami,event_time FROM USGS_EQ_DATA WHERE Upper(place) like '%JAPAN%' AND event_time > '2015-05-01' AND event_time < '2015-05-10' ORDER BY latitude
2015-06-01 10:56:25,128 - __main__ - INFO - SELECT event_id,title,longitude,latitude,depth,mag,place,alert,status,tsunami,event_time FROM USGS_EQ_DATA WHERE Upper(place) like '%JAPAN%' AND event_time > '2015-05-01' AND event_time < '2015-05-10' ORDER BY mag
2015-06-01 10:56:44,913 - __main__ - INFO - SELECT event_id,title,longitude,latitude,depth,mag,place,alert,status,tsunami,event_time FROM USGS_EQ_DATA WHERE Upper(place) like '%JAPAN%' AND event_time > '2015-05-01' AND event_time < '2015-05-10' ORDER BY status
2015-06-01 10:56:46,689 - __main__ - INFO - SELECT event_id,title,longitude,latitude,depth,mag,place,alert,status,tsunami,event_time FROM USGS_EQ_DATA WHERE Upper(place) like '%JAPAN%' AND event_time > '2015-05-01' AND event_time < '2015-05-10' ORDER BY longitude
2015-06-01 10:56:47,881 - __main__ - INFO - SELECT event_id,title,longitude,latitude,depth,mag,place,alert,status,tsunami,event_time FROM USGS_EQ_DATA WHERE Upper(place) like '%JAPAN%' AND event_time > '2015-05-01' AND event_time < '2015-05-10' ORDER BY title
2015-06-01 10:57:57,205 - __main__ - INFO - SELECT event_id,title,longitude,latitude,depth,mag,place,alert,status,tsunami,event_time FROM USGS_EQ_DATA WHERE Upper(place) like '%JAPAN%' AND event_time > '2015-05-01' AND event_time < '2015-05-10' ORDER BY mag
2015-06-01 10:58:00,930 - __main__ - INFO - SELECT event_id,title,longitude,latitude,depth,mag,place,alert,status,tsunami,event_time FROM USGS_EQ_DATA WHERE Upper(place) like '%JAPAN%' AND event_time > '2015-05-01' AND event_time < '2015-05-10' ORDER BY depth
2015-06-01 10:58:01,434 - __main__ - INFO - SELECT event_id,title,longitude,latitude,depth,mag,place,alert,status,tsunami,event_time FROM USGS_EQ_DATA WHERE Upper(place) like '%JAPAN%' AND event_time > '2015-05-01' AND event_time < '2015-05-10' ORDER BY mag
2015-06-01 10:58:01,922 - __main__ - INFO - SELECT event_id,title,longitude,latitude,depth,mag,place,alert,status,tsunami,event_time FROM USGS_EQ_DATA WHERE Upper(place) like '%JAPAN%' AND event_time > '2015-05-01' AND event_time < '2015-05-10' ORDER BY place
2015-06-01 10:58:03,009 - __main__ - INFO - SELECT event_id,title,longitude,latitude,depth,mag,place,alert,status,tsunami,event_time FROM USGS_EQ_DATA WHERE Upper(place) like '%JAPAN%' AND event_time > '2015-05-01' AND event_time < '2015-05-10' ORDER BY alert
2015-06-01 10:58:03,393 - __main__ - INFO - SELECT event_id,title,longitude,latitude,depth,mag,place,alert,status,tsunami,event_time FROM USGS_EQ_DATA WHERE Upper(place) like '%JAPAN%' AND event_time > '2015-05-01' AND event_time < '2015-05-10' ORDER BY status
2015-06-01 10:58:05,235 - __main__ - INFO - SELECT event_id,title,longitude,latitude,depth,mag,place,alert,status,tsunami,event_time FROM USGS_EQ_DATA WHERE Upper(place) like '%JAPAN%' AND event_time > '2015-05-01' AND event_time < '2015-05-10' ORDER BY title
2015-06-01 10:58:06,114 - __main__ - INFO - SELECT event_id,title,longitude,latitude,depth,mag,place,alert,status,tsunami,event_time FROM USGS_EQ_DATA WHERE Upper(place) like '%JAPAN%' AND event_time > '2015-05-01' AND event_time < '2015-05-10' ORDER BY longitude
2015-06-01 10:58:06,626 - __main__ - INFO - SELECT event_id,title,longitude,latitude,depth,mag,place,alert,status,tsunami,event_time FROM USGS_EQ_DATA WHERE Upper(place) like '%JAPAN%' AND event_time > '2015-05-01' AND event_time < '2015-05-10' ORDER BY latitude
2015-06-01 10:58:07,114 - __main__ - INFO - SELECT event_id,title,longitude,latitude,depth,mag,place,alert,status,tsunami,event_time FROM USGS_EQ_DATA WHERE Upper(place) like '%JAPAN%' AND event_time > '2015-05-01' AND event_time < '2015-05-10' ORDER BY depth
2015-06-01 10:58:07,610 - __main__ - INFO - SELECT event_id,title,longitude,latitude,depth,mag,place,alert,status,tsunami,event_time FROM USGS_EQ_DATA WHERE Upper(place) like '%JAPAN%' AND event_time > '2015-05-01' AND event_time < '2015-05-10' ORDER BY mag
2015-06-01 10:58:08,090 - __main__ - INFO - SELECT event_id,title,longitude,latitude,depth,mag,place,alert,status,tsunami,event_time FROM USGS_EQ_DATA WHERE Upper(place) like '%JAPAN%' AND event_time > '2015-05-01' AND event_time < '2015-05-10' ORDER BY place
2015-06-01 10:58:08,910 - __main__ - INFO - SELECT event_id,title,longitude,latitude,depth,mag,place,alert,status,tsunami,event_time FROM USGS_EQ_DATA WHERE Upper(place) like '%JAPAN%' AND event_time > '2015-05-01' AND event_time < '2015-05-10' ORDER BY alert
2015-06-01 10:58:09,426 - __main__ - INFO - SELECT event_id,title,longitude,latitude,depth,mag,place,alert,status,tsunami,event_time FROM USGS_EQ_DATA WHERE Upper(place) like '%JAPAN%' AND event_time > '2015-05-01' AND event_time < '2015-05-10' ORDER BY status
2015-06-01 10:58:09,922 - __main__ - INFO - SELECT event_id,title,longitude,latitude,depth,mag,place,alert,status,tsunami,event_time FROM USGS_EQ_DATA WHERE Upper(place) like '%JAPAN%' AND event_time > '2015-05-01' AND event_time < '2015-05-10' ORDER BY tsunami
2015-06-01 11:00:18,141 - __main__ - INFO - SELECT event_id,title,longitude,latitude,depth,mag,place,alert,status,tsunami,event_time FROM USGS_EQ_DATA WHERE Upper(place) like '%JAPAN%' AND event_time > '2015-05-01' AND event_time < '2015-05-10' ORDER BY tsunami
2015-06-01 11:02:23,831 - __main__ - INFO - SELECT event_id,title,longitude,latitude,depth,mag,place,url,felt,cdi,mmi,alert,status,tsunami,sig,net,code,ids,sources,types,nst,dmin,rms,gap,magType,type,seq_id,event_time FROM USGS_EQ_DATA WHERE event_id = 'us20002aq3'
2015-06-01 11:05:08,713 - __main__ - INFO - SELECT event_id,title,longitude,latitude,depth,mag,place,url,felt,cdi,mmi,alert,status,tsunami,sig,net,code,ids,sources,types,nst,dmin,rms,gap,magType,type,seq_id,event_time FROM USGS_EQ_DATA WHERE event_id = 'us20002aq3'
2015-06-01 11:05:28,561 - __main__ - INFO - SELECT event_id,title,longitude,latitude,depth,mag,place,alert,status,tsunami,event_time FROM USGS_EQ_DATA WHERE Upper(place) like '%JAPAN%' AND event_time > '' AND event_time < '' ORDER BY mag
2015-06-01 11:05:43,338 - __main__ - INFO - SELECT event_id,title,longitude,latitude,depth,mag,place,alert,status,tsunami,event_time FROM USGS_EQ_DATA WHERE Upper(place) like '%JAPAN%' AND event_time > '2015-05-01' AND event_time < '2015-06-14' ORDER BY mag
2015-06-01 11:05:45,304 - __main__ - INFO - SELECT event_id,title,longitude,latitude,depth,mag,place,alert,status,tsunami,event_time FROM USGS_EQ_DATA WHERE Upper(place) like '%JAPAN%' AND event_time > '2015-05-01' AND event_time < '2015-06-14' ORDER BY longitude
2015-06-01 11:05:46,137 - __main__ - INFO - SELECT event_id,title,longitude,latitude,depth,mag,place,alert,status,tsunami,event_time FROM USGS_EQ_DATA WHERE Upper(place) like '%JAPAN%' AND event_time > '2015-05-01' AND event_time < '2015-06-14' ORDER BY title
2015-06-01 11:05:47,183 - __main__ - INFO - SELECT event_id,title,longitude,latitude,depth,mag,place,url,felt,cdi,mmi,alert,status,tsunami,sig,net,code,ids,sources,types,nst,dmin,rms,gap,magType,type,seq_id,event_time FROM USGS_EQ_DATA WHERE event_id = 'us20002ekx'
2015-06-01 11:05:54,464 - __main__ - INFO - SELECT event_id,title,longitude,latitude,depth,mag,place,alert,status,tsunami,event_time FROM USGS_EQ_DATA WHERE Upper(place) like '%JAPAN%' AND event_time > '2015-05-01' AND event_time < '2015-06-14' ORDER BY alert
2015-06-01 11:06:58,736 - __main__ - INFO - SELECT event_id,title,longitude,latitude,depth,mag,place,url,felt,cdi,mmi,alert,status,tsunami,sig,net,code,ids,sources,types,nst,dmin,rms,gap,magType,type,seq_id,event_time FROM USGS_EQ_DATA WHERE event_id = 'us20002e88'
2015-06-01 11:11:06,093 - __main__ - INFO - SELECT event_id,title,longitude,latitude,depth,mag,place,alert,status,tsunami,event_time FROM USGS_EQ_DATA WHERE Upper(place) like '%JAPAN%' AND event_time > '2015-05-01' AND event_time < '2015-05-10' ORDER BY mag
2015-06-01 11:11:08,412 - __main__ - INFO - SELECT event_id,title,longitude,latitude,depth,mag,place,alert,status,tsunami,event_time FROM USGS_EQ_DATA WHERE Upper(place) like '%JAPAN%' AND event_time > '2015-05-01' AND event_time < '2015-05-10' ORDER BY depth
2015-06-01 11:11:08,964 - __main__ - INFO - SELECT event_id,title,longitude,latitude,depth,mag,place,alert,status,tsunami,event_time FROM USGS_EQ_DATA WHERE Upper(place) like '%JAPAN%' AND event_time > '2015-05-01' AND event_time < '2015-05-10' ORDER BY mag
2015-06-01 11:11:10,075 - __main__ - INFO - SELECT event_id,title,longitude,latitude,depth,mag,place,url,felt,cdi,mmi,alert,status,tsunami,sig,net,code,ids,sources,types,nst,dmin,rms,gap,magType,type,seq_id,event_time FROM USGS_EQ_DATA WHERE event_id = 'us20002djy'
2015-06-01 11:13:45,082 - __main__ - INFO - SELECT EVENT_ID,EVENT_TYPE,TITLE,LATITUDE,LONGITUDE,EVENT_DESC FROM NATURAL_EVENTS WHERE EVENT_TYPE = 'HURRICANE'
2015-06-01 11:17:39,528 - __main__ - INFO - SELECT EVENT_ID,EVENT_TYPE,TITLE,LATITUDE,LONGITUDE,EVENT_DESC FROM NATURAL_EVENTS WHERE EVENT_TYPE = 'HURRICANE'
2015-06-01 11:19:23,418 - __main__ - INFO - SELECT EVENT_ID,EVENT_TYPE,TITLE,LATITUDE,LONGITUDE,EVENT_DESC FROM NATURAL_EVENTS WHERE EVENT_TYPE = 'HURRICANE'
2015-06-01 11:22:52,767 - __main__ - INFO - SELECT EVENT_ID,EVENT_TYPE,TITLE,LATITUDE,LONGITUDE,EVENT_DESC FROM NATURAL_EVENTS WHERE EVENT_TYPE = 'HURRICANE'
2015-06-01 11:32:01,907 - __main__ - INFO - SELECT EVENT_ID,EVENT_TYPE,TITLE,LATITUDE,LONGITUDE,EVENT_DESC FROM NATURAL_EVENTS WHERE EVENT_TYPE = 'TSUNAMI'
2015-06-01 11:32:10,804 - __main__ - INFO - SELECT EVENT_ID,EVENT_TYPE,TITLE,LATITUDE,LONGITUDE,EVENT_DESC FROM NATURAL_EVENTS WHERE EVENT_TYPE = 'HURRICANE'
2015-06-01 11:32:15,427 - __main__ - INFO - SELECT EVENT_ID,EVENT_TYPE,TITLE,LATITUDE,LONGITUDE,EVENT_DESC FROM NATURAL_EVENTS WHERE EVENT_TYPE = 'null'
2015-06-01 11:32:21,628 - __main__ - INFO - SELECT EVENT_ID,EVENT_TYPE,TITLE,LATITUDE,LONGITUDE,EVENT_DESC FROM NATURAL_EVENTS WHERE EVENT_TYPE = 'null'
2015-06-01 11:32:34,253 - __main__ - INFO - SELECT EVENT_ID,EVENT_TYPE,TITLE,LATITUDE,LONGITUDE,EVENT_DESC FROM NATURAL_EVENTS WHERE EVENT_TYPE = 'null'
2015-06-01 11:32:35,203 - __main__ - INFO - SELECT EVENT_ID,EVENT_TYPE,TITLE,LATITUDE,LONGITUDE,EVENT_DESC FROM NATURAL_EVENTS WHERE EVENT_TYPE = 'null'
2015-06-01 11:34:28,262 - __main__ - INFO - SELECT EVENT_ID,EVENT_TYPE,TITLE,LATITUDE,LONGITUDE,EVENT_DESC FROM NATURAL_EVENTS WHERE EVENT_TYPE = 'HURRICANE'
2015-06-01 11:37:21,656 - __main__ - INFO - SELECT EVENT_ID,EVENT_TYPE,TITLE,LATITUDE,LONGITUDE,EVENT_DESC FROM NATURAL_EVENTS WHERE EVENT_TYPE = 'TSUNAMI'
2015-06-01 11:43:22,911 - __main__ - INFO - SELECT event_id,title,longitude,latitude,depth,mag,place,alert,status,tsunami,event_time FROM USGS_EQ_DATA WHERE Upper(place) like '%JAPAN%' AND event_time > '2015-05-01' AND event_time < '2015-05-10' ORDER BY mag
2015-06-01 11:43:24,534 - __main__ - INFO - SELECT event_id,title,longitude,latitude,depth,mag,place,alert,status,tsunami,event_time FROM USGS_EQ_DATA WHERE Upper(place) like '%JAPAN%' AND event_time > '2015-05-01' AND event_time < '2015-05-10' ORDER BY latitude
2015-06-01 11:43:25,029 - __main__ - INFO - SELECT event_id,title,longitude,latitude,depth,mag,place,alert,status,tsunami,event_time FROM USGS_EQ_DATA WHERE Upper(place) like '%JAPAN%' AND event_time > '2015-05-01' AND event_time < '2015-05-10' ORDER BY longitude
2015-06-01 11:43:25,884 - __main__ - INFO - SELECT event_id,title,longitude,latitude,depth,mag,place,url,felt,cdi,mmi,alert,status,tsunami,sig,net,code,ids,sources,types,nst,dmin,rms,gap,magType,type,seq_id,event_time FROM USGS_EQ_DATA WHERE event_id = 'us20002an7'
2015-06-01 11:44:46,527 - __main__ - INFO - SELECT event_id,title,longitude,latitude,depth,mag,place,alert,status,tsunami,event_time FROM USGS_EQ_DATA WHERE Upper(place) like '%JAPAN%' AND event_time > '' AND event_time < '' ORDER BY mag
2015-06-01 11:44:59,667 - __main__ - INFO - SELECT event_id,title,longitude,latitude,depth,mag,place,alert,status,tsunami,event_time FROM USGS_EQ_DATA WHERE Upper(place) like '%JAPAN%' AND event_time > '2015-03-01' AND event_time < '2015-06-30' ORDER BY mag
2015-06-01 11:45:03,329 - __main__ - INFO - SELECT event_id,title,longitude,latitude,depth,mag,place,alert,status,tsunami,event_time FROM USGS_EQ_DATA WHERE Upper(place) like '%JAPAN%' AND event_time > '2015-03-01' AND event_time < '2015-06-30' ORDER BY mag
2015-06-01 11:45:04,465 - __main__ - INFO - SELECT event_id,title,longitude,latitude,depth,mag,place,alert,status,tsunami,event_time FROM USGS_EQ_DATA WHERE Upper(place) like '%JAPAN%' AND event_time > '2015-03-01' AND event_time < '2015-06-30' ORDER BY mag
2015-06-01 11:45:10,043 - __main__ - INFO - SELECT event_id,title,longitude,latitude,depth,mag,place,alert,status,tsunami,event_time FROM USGS_EQ_DATA WHERE Upper(place) like '%JAPAN%' AND event_time > '2015-03-01' AND event_time < '2015-06-30' ORDER BY mag
2015-06-01 11:45:13,223 - __main__ - INFO - SELECT event_id,title,longitude,latitude,depth,mag,place,url,felt,cdi,mmi,alert,status,tsunami,sig,net,code,ids,sources,types,nst,dmin,rms,gap,magType,type,seq_id,event_time FROM USGS_EQ_DATA WHERE event_id = 'us20002et4'
2015-06-01 11:45:28,847 - __main__ - INFO - SELECT event_id,title,longitude,latitude,depth,mag,place,alert,status,tsunami,event_time FROM USGS_EQ_DATA WHERE Upper(place) like '%JAPAN%' AND event_time > '2015-03-01' AND event_time < '2015-06-30' ORDER BY alert
2015-06-01 11:45:32,438 - __main__ - INFO - SELECT event_id,title,longitude,latitude,depth,mag,place,alert,status,tsunami,event_time FROM USGS_EQ_DATA WHERE Upper(place) like '%JAPAN%' AND event_time > '2015-03-01' AND event_time < '2015-06-30' ORDER BY event_time
2015-06-01 11:45:42,281 - __main__ - INFO - SELECT event_id,title,longitude,latitude,depth,mag,place,alert,status,tsunami,event_time FROM USGS_EQ_DATA WHERE Upper(place) like '%JAPAN%' AND event_time > '2015-03-01' AND event_time < '2015-06-30' ORDER BY title
2015-06-01 11:45:44,022 - __main__ - INFO - SELECT event_id,title,longitude,latitude,depth,mag,place,alert,status,tsunami,event_time FROM USGS_EQ_DATA WHERE Upper(place) like '%JAPAN%' AND event_time > '2015-03-01' AND event_time < '2015-06-30' ORDER BY event_id
2015-06-01 11:45:56,280 - __main__ - INFO - SELECT EVENT_ID,EVENT_TYPE,TITLE,LATITUDE,LONGITUDE,EVENT_DESC FROM NATURAL_EVENTS WHERE EVENT_TYPE = 'HURRICANE'
2015-06-01 11:46:31,253 - __main__ - INFO - SELECT EVENT_ID,EVENT_TYPE,TITLE,LATITUDE,LONGITUDE,EVENT_DESC FROM NATURAL_EVENTS WHERE EVENT_TYPE = 'TSUNAMI'
2015-06-01 11:46:45,295 - __main__ - INFO - SELECT EVENT_ID,EVENT_TYPE,TITLE,LATITUDE,LONGITUDE,EVENT_DESC FROM NATURAL_EVENTS WHERE EVENT_TYPE = 'TSUNAMI'
2015-06-01 11:49:46,021 - __main__ - INFO - SELECT event_id,title,longitude,latitude,depth,mag,place,alert,status,tsunami,event_time FROM USGS_EQ_DATA WHERE Upper(place) like '%JAPAN%' AND event_time > '2014-12-10' AND event_time < '2015-06-30' ORDER BY mag
2015-06-01 12:04:33,013 - __main__ - INFO - SELECT EVENT_ID,EVENT_TYPE,TITLE,LATITUDE,LONGITUDE,EVENT_DESC FROM NATURAL_EVENTS WHERE EVENT_TYPE = 'HURRICANE'
2015-06-01 12:10:18,130 - __main__ - INFO - SELECT EVENT_ID,EVENT_TYPE,TITLE,LATITUDE,LONGITUDE,EVENT_DESC FROM NATURAL_EVENTS WHERE EVENT_TYPE = 'HURRICANE'
2015-06-01 12:12:28,126 - __main__ - INFO - SELECT event_id,title,longitude,latitude,depth,mag,place,alert,status,tsunami,event_time FROM USGS_EQ_DATA WHERE Upper(place) like '%JAPAN%' AND event_time > '' AND event_time < '' ORDER BY mag
2015-06-01 12:12:37,357 - __main__ - INFO - SELECT EVENT_ID,EVENT_TYPE,TITLE,LATITUDE,LONGITUDE,EVENT_DESC FROM NATURAL_EVENTS WHERE EVENT_TYPE = 'TSUNAMI'
2015-06-01 12:12:44,589 - __main__ - INFO - SELECT event_id,title,longitude,latitude,depth,mag,place,alert,status,tsunami,event_time FROM USGS_EQ_DATA WHERE Upper(place) like '%JAPAN%' AND event_time > '' AND event_time < '' ORDER BY mag
2015-06-01 12:12:49,002 - __main__ - INFO - SELECT EVENT_ID,EVENT_TYPE,TITLE,LATITUDE,LONGITUDE,EVENT_DESC FROM NATURAL_EVENTS WHERE EVENT_TYPE = 'TSUNAMI'
2015-06-01 12:13:56,460 - __main__ - INFO - SELECT EVENT_ID,EVENT_TYPE,TITLE,LATITUDE,LONGITUDE,EVENT_DESC FROM NATURAL_EVENTS WHERE EVENT_TYPE = 'HURRICANE'
2015-06-01 14:00:20,876 - __main__ - INFO - SELECT EVENT_ID,EVENT_TYPE,TITLE,LATITUDE,LONGITUDE,EVENT_DESC FROM NATURAL_EVENTS WHERE EVENT_TYPE = 'HURRICANE'
2015-06-01 14:19:27,509 - __main__ - INFO - SELECT CABLE_RELEASE_SEQ,CABLE_TYPE,CABLE_TEXT,DECLASSIFICATION_TEXT FROM CABLE_RELEASED WHERE CABLE_TYPE = ''Ebola Outbreak News''
2015-06-01 14:20:27,238 - __main__ - INFO - SELECT CABLE_RELEASE_SEQ,CABLE_TYPE,CABLE_TEXT,DECLASSIFICATION_TEXT FROM CABLE_RELEASED WHERE CABLE_TYPE = 'Ebola Outbreak News'
2015-06-01 14:22:18,928 - __main__ - INFO - SELECT CABLE_RELEASE_SEQ,CABLE_TYPE,CABLE_TEXT,DECLASSIFICATION_TEXT FROM CABLE_RELEASED WHERE CABLE_TYPE = 'Ebola Outbreak News'
2015-06-01 14:22:42,825 - __main__ - INFO - SELECT CABLE_RELEASED_SEQ,CABLE_TYPE,CABLE_TEXT,DECLASSIFICATION_TEXT FROM CABLE_RELEASED WHERE CABLE_TYPE = 'Ebola Outbreak News'
2015-06-01 14:23:20,920 - __main__ - INFO - SELECT CABLE_RELEASED_SEQ,CABLE_TYPE,CABLE_TEXT,DECLASSIFICATION_TEXT FROM CABLE_RELEASED WHERE CABLE_TYPE = 'Ebola Outbreak News'
2015-06-01 14:24:44,242 - __main__ - INFO - SELECT CABLE_RELEASED_SEQ,CABLE_TYPE,CABLE_TEXT,DECLASSIFICATION_TEXT FROM CABLE_RELEASED WHERE CABLE_TYPE = 'Ebola Outbreak News'
2015-06-01 14:25:14,819 - __main__ - INFO - SELECT CABLE_RELEASED_SEQ,CABLE_TYPE,DECLASSIFICATION_TEXT FROM CABLE_RELEASED WHERE CABLE_TYPE = 'Ebola Outbreak News'
2015-06-01 14:26:13,811 - __main__ - INFO - SELECT CABLE_RELEASED_SEQ,CABLE_TYPE,DECLASSIFICATION_TEXT,CABLE_TEXT FROM CABLE_RELEASED WHERE CABLE_TYPE = 'Ebola Outbreak News'
2015-06-01 14:28:08,365 - __main__ - INFO - SELECT CABLE_RELEASED_SEQ,CABLE_TYPE,DECLASSIFICATION_TEXT,CABLE_TEXT FROM CABLE_RELEASED WHERE CABLE_TYPE = 'Ebola Outbreak News'
2015-06-01 14:34:24,130 - __main__ - INFO - SELECT CABLE_RELEASED_SEQ,CABLE_TYPE,DECLASSIFICATION_TEXT,CABLE_TEXT FROM CABLE_RELEASED WHERE CABLE_TYPE = 'Ebola Outbreak News'
2015-06-01 14:35:12,514 - __main__ - INFO - SELECT CABLE_RELEASED_SEQ,CABLE_TYPE,DECLASSIFICATION_TEXT,CABLE_TEXT FROM CABLE_RELEASED WHERE CABLE_TYPE = 'Ebola Outbreak News'
2015-06-01 14:35:27,455 - __main__ - INFO - SELECT CABLE_RELEASED_SEQ,CABLE_TYPE,DECLASSIFICATION_TEXT,CABLE_TEXT FROM CABLE_RELEASED WHERE CABLE_TYPE = 'Ebola Outbreak News'
2015-06-01 14:35:30,506 - __main__ - INFO - SELECT CABLE_RELEASED_SEQ,CABLE_TYPE,DECLASSIFICATION_TEXT,CABLE_TEXT FROM CABLE_RELEASED WHERE CABLE_TYPE = 'Ebola Outbreak News'
2015-06-01 14:35:48,321 - __main__ - INFO - SELECT CABLE_RELEASED_SEQ,CABLE_TYPE,DECLASSIFICATION_TEXT,CABLE_TEXT FROM CABLE_RELEASED WHERE CABLE_TYPE = 'Ebola Outbreak News'
2015-06-01 14:37:54,348 - __main__ - INFO - SELECT CABLE_RELEASED_SEQ,CABLE_TYPE,DECLASSIFICATION_TEXT,CABLE_TEXT FROM CABLE_RELEASED WHERE CABLE_TYPE = 'Ebola Outbreak News'
2015-06-01 14:44:20,914 - __main__ - INFO - SELECT CABLE_RELEASED_SEQ,CABLE_TYPE,DECLASSIFICATION_TEXT,CABLE_TEXT FROM CABLE_RELEASED WHERE CABLE_TYPE = 'Ebola Outbreak News'
2015-06-01 14:45:34,258 - __main__ - INFO - SELECT CABLE_RELEASED_SEQ,CABLE_TYPE,DECLASSIFICATION_TEXT,CABLE_TEXT FROM CABLE_RELEASED WHERE CABLE_TYPE = 'Ebola Outbreak News'
2015-06-01 14:45:50,939 - __main__ - INFO - SELECT CABLE_RELEASED_SEQ,CABLE_TYPE,DECLASSIFICATION_TEXT,CABLE_TEXT FROM CABLE_RELEASED WHERE CABLE_TYPE = 'Ebola Outbreak News'
2015-06-01 14:45:55,665 - __main__ - INFO - SELECT CABLE_RELEASED_SEQ,CABLE_TYPE,DECLASSIFICATION_TEXT,CABLE_TEXT FROM CABLE_RELEASED WHERE CABLE_TYPE = 'Ebola Outbreak News'
2015-06-01 14:46:32,675 - __main__ - INFO - SELECT CABLE_RELEASED_SEQ,CABLE_TYPE,DECLASSIFICATION_TEXT,CABLE_TEXT FROM CABLE_RELEASED WHERE CABLE_TYPE = 'Ebola Outbreak News'
2015-06-01 14:46:46,284 - __main__ - INFO - SELECT CABLE_RELEASED_SEQ,CABLE_TYPE,DECLASSIFICATION_TEXT,CABLE_TEXT FROM CABLE_RELEASED WHERE CABLE_TYPE = 'Ebola Outbreak News'
2015-06-01 14:47:05,060 - __main__ - INFO - SELECT CABLE_RELEASED_SEQ,CABLE_TYPE,DECLASSIFICATION_TEXT,CABLE_TEXT FROM CABLE_RELEASED WHERE CABLE_TYPE = 'Ebola Outbreak News'
2015-06-01 14:48:43,605 - __main__ - INFO - SELECT CABLE_RELEASED_SEQ,CABLE_TYPE,DECLASSIFICATION_TEXT,CABLE_TEXT FROM CABLE_RELEASED WHERE CABLE_TYPE = 'Ebola Outbreak News'
2015-06-01 14:48:56,603 - __main__ - INFO - SELECT CABLE_RELEASED_SEQ,CABLE_TYPE,DECLASSIFICATION_TEXT,CABLE_TEXT FROM CABLE_RELEASED WHERE CABLE_TYPE = 'Ebola Outbreak News'
2015-06-01 14:49:24,629 - __main__ - INFO - SELECT CABLE_RELEASED_SEQ,CABLE_TYPE,DECLASSIFICATION_TEXT,CABLE_TEXT FROM CABLE_RELEASED WHERE CABLE_TYPE = 'Ebola Outbreak News'
2015-06-01 14:49:26,787 - __main__ - INFO - SELECT CABLE_RELEASED_SEQ,CABLE_TYPE,DECLASSIFICATION_TEXT,CABLE_TEXT FROM CABLE_RELEASED WHERE CABLE_TYPE = 'Ebola Outbreak News'
2015-06-01 14:49:39,324 - __main__ - INFO - SELECT CABLE_RELEASED_SEQ,CABLE_TYPE,DECLASSIFICATION_TEXT FROM CABLE_RELEASED WHERE CABLE_TYPE = 'Ebola Outbreak News'
2015-06-01 14:50:10,334 - __main__ - INFO - SELECT CABLE_RELEASED_SEQ,CABLE_TYPE,DECLASSIFICATION_TEXT,CABLE_TEXT FROM CABLE_RELEASED WHERE CABLE_TYPE = 'Ebola Outbreak News'
2015-06-01 14:51:05,535 - __main__ - INFO - SELECT CABLE_RELEASED_SEQ,CABLE_TYPE,DECLASSIFICATION_TEXT,CABLE_TEXT FROM CABLE_RELEASED WHERE CABLE_TYPE = 'Ebola Outbreak News'
2015-06-01 14:51:27,870 - __main__ - INFO - SELECT CABLE_RELEASED_SEQ,CABLE_TYPE,DECLASSIFICATION_TEXT,CABLE_TEXT FROM CABLE_RELEASED WHERE CABLE_TYPE = 'Ebola Outbreak News'
2015-06-01 14:53:31,369 - __main__ - INFO - SELECT CABLE_RELEASED_SEQ,CABLE_TYPE,DECLASSIFICATION_TEXT,CABLE_TEXT FROM CABLE_RELEASED WHERE CABLE_TYPE = 'Ebola Outbreak News'
2015-06-01 14:56:20,891 - __main__ - INFO - SELECT CABLE_RELEASED_SEQ,CABLE_TYPE,DECLASSIFICATION_TEXT,CABLE_TEXT FROM CABLE_RELEASED WHERE CABLE_TYPE = 'Ebola Outbreak News'
2015-06-01 14:57:07,899 - __main__ - INFO - SELECT CABLE_RELEASED_SEQ,CABLE_TYPE,DECLASSIFICATION_TEXT,CABLE_TEXT FROM CABLE_RELEASED WHERE CABLE_TYPE = 'Ebola Outbreak News'
2015-06-01 14:59:28,789 - __main__ - INFO - SELECT CABLE_RELEASED_SEQ,CABLE_TYPE,DECLASSIFICATION_TEXT,CABLE_TEXT FROM CABLE_RELEASED WHERE CABLE_TYPE = 'Ebola Outbreak News'
2015-06-01 14:59:44,214 - __main__ - INFO - SELECT CABLE_RELEASED_SEQ,CABLE_TYPE,DECLASSIFICATION_TEXT,CABLE_TEXT FROM CABLE_RELEASED WHERE CABLE_TYPE = 'Ebola Outbreak News'
2015-06-01 15:00:05,257 - __main__ - INFO - SELECT CABLE_RELEASED_SEQ,CABLE_TYPE,DECLASSIFICATION_TEXT,CABLE_TEXT FROM CABLE_RELEASED WHERE CABLE_TYPE = 'Ebola Outbreak News'
2015-06-01 15:00:36,214 - __main__ - INFO - SELECT CABLE_RELEASED_SEQ,CABLE_TYPE,DECLASSIFICATION_TEXT,CABLE_TEXT FROM CABLE_RELEASED WHERE CABLE_TYPE = 'Ebola Outbreak News'
2015-06-01 15:01:22,823 - __main__ - INFO - SELECT CABLE_RELEASED_SEQ,CABLE_TYPE,DECLASSIFICATION_TEXT,CABLE_TEXT FROM CABLE_RELEASED WHERE CABLE_TYPE = 'Ebola Outbreak News'
2015-06-01 15:03:05,712 - __main__ - INFO - SELECT CABLE_RELEASED_SEQ,CABLE_TYPE,DECLASSIFICATION_TEXT,CABLE_TEXT FROM CABLE_RELEASED WHERE CABLE_TYPE = 'Ebola Outbreak News'
2015-06-01 15:09:29,677 - __main__ - INFO - SELECT CABLE_RELEASED_SEQ,CABLE_TYPE,DECLASSIFICATION_TEXT,CABLE_TEXT FROM CABLE_RELEASED WHERE CABLE_TYPE = 'Ebola Outbreak News'
2015-06-01 15:10:14,141 - __main__ - INFO - SELECT CABLE_RELEASED_SEQ,CABLE_TYPE,DECLASSIFICATION_TEXT,CABLE_TEXT FROM CABLE_RELEASED WHERE CABLE_TYPE = 'Ebola Outbreak News'
2015-06-01 15:10:23,755 - __main__ - INFO - SELECT CABLE_RELEASED_SEQ,CABLE_TYPE,DECLASSIFICATION_TEXT,CABLE_TEXT FROM CABLE_RELEASED WHERE CABLE_TYPE = 'Ebola Outbreak News'
2015-06-01 15:11:52,613 - __main__ - INFO - SELECT CABLE_RELEASED_SEQ,CABLE_TYPE,DECLASSIFICATION_TEXT,CABLE_TEXT FROM CABLE_RELEASED WHERE CABLE_TYPE = 'Ebola Outbreak News'
2015-06-01 15:11:54,765 - __main__ - INFO - SELECT CABLE_RELEASED_SEQ,CABLE_TYPE,DECLASSIFICATION_TEXT,CABLE_TEXT FROM CABLE_RELEASED WHERE CABLE_TYPE = 'Ebola Outbreak News'
2015-06-01 15:11:55,236 - __main__ - INFO - SELECT CABLE_RELEASED_SEQ,CABLE_TYPE,DECLASSIFICATION_TEXT,CABLE_TEXT FROM CABLE_RELEASED WHERE CABLE_TYPE = 'Ebola Outbreak News'
2015-06-01 15:14:54,266 - __main__ - INFO - SELECT CABLE_RELEASED_SEQ,CABLE_TYPE,DECLASSIFICATION_TEXT,CABLE_TEXT FROM CABLE_RELEASED WHERE CABLE_TYPE = 'Ebola Outbreak News'
2015-06-01 15:15:31,601 - __main__ - INFO - SELECT CABLE_RELEASED_SEQ,CABLE_TYPE,DECLASSIFICATION_TEXT,CABLE_TEXT FROM CABLE_RELEASED WHERE CABLE_TYPE = 'Ebola Outbreak News'
2015-06-01 15:16:03,354 - __main__ - INFO - SELECT CABLE_RELEASED_SEQ,CABLE_TYPE,DECLASSIFICATION_TEXT,CABLE_TEXT FROM CABLE_RELEASED WHERE CABLE_TYPE = 'Ebola Outbreak News'
2015-06-01 15:29:56,419 - __main__ - INFO - SELECT CABLE_RELEASED_SEQ,CABLE_TYPE,DECLASSIFICATION_TEXT,CABLE_TEXT FROM CABLE_RELEASED WHERE CABLE_TYPE = 'Ebola Outbreak News'
2015-06-01 15:30:04,475 - __main__ - INFO - SELECT CABLE_RELEASED_SEQ,CABLE_TYPE,DECLASSIFICATION_TEXT,CABLE_TEXT FROM CABLE_RELEASED WHERE CABLE_TYPE = 'Disease Outbreak News'
2015-06-01 15:31:13,460 - __main__ - INFO - SELECT CABLE_RELEASED_SEQ,CABLE_TYPE,DECLASSIFICATION_TEXT,CABLE_TEXT FROM CABLE_RELEASED WHERE CABLE_TYPE = 'Ebola Outbreak News'
2015-06-01 15:31:17,228 - __main__ - INFO - SELECT CABLE_RELEASED_SEQ,CABLE_TYPE,DECLASSIFICATION_TEXT,CABLE_TEXT FROM CABLE_RELEASED WHERE CABLE_TYPE = 'Disease Outbreak News'
2015-06-01 15:38:56,948 - __main__ - INFO - SELECT IP_REPORT_SEQ,DECLASSIFICATION_TEXT,CABLE_TEXT FROM IP_REPORT WHERE DECLASSIFICATION_TEXT = 'National News'
2015-06-01 15:40:00,077 - __main__ - INFO - SELECT IP_REPORT_SEQ,DECLASSIFICATION_TEXT,IP_RPT_TEXT FROM IP_REPORT WHERE DECLASSIFICATION_TEXT = 'National News'
2015-06-01 15:45:31,535 - __main__ - INFO - SELECT IP_REPORT_SEQ,DECLASSIFICATION_TEXT,IP_RPT_TEXT FROM IP_REPORT WHERE DECLASSIFICATION_TEXT = 'National News'
2015-06-01 15:45:42,951 - __main__ - INFO - SELECT IP_REPORT_SEQ,DECLASSIFICATION_TEXT,IP_RPT_TEXT FROM IP_REPORT WHERE DECLASSIFICATION_TEXT = 'iReports on CNN'
2015-06-01 15:45:49,224 - __main__ - INFO - SELECT IP_REPORT_SEQ,DECLASSIFICATION_TEXT,IP_RPT_TEXT FROM IP_REPORT WHERE DECLASSIFICATION_TEXT = 'National News'
2015-06-01 15:48:39,769 - __main__ - INFO - SELECT IP_REPORT_SEQ,DECLASSIFICATION_TEXT,IP_RPT_TEXT FROM IP_REPORT WHERE DECLASSIFICATION_TEXT = 'National News'
2015-06-01 15:52:59,613 - __main__ - INFO - SELECT IP_REPORT_SEQ,DECLASSIFICATION_TEXT,IP_RPT_TEXT FROM IP_REPORT WHERE DECLASSIFICATION_TEXT = 'National News'
2015-06-01 15:53:06,238 - __main__ - INFO - SELECT IP_REPORT_SEQ,DECLASSIFICATION_TEXT,IP_RPT_TEXT FROM IP_REPORT WHERE DECLASSIFICATION_TEXT = 'iReports on CNN'
2015-06-01 16:38:35,527 - __main__ - INFO - SELECT CABLE_RELEASED_SEQ,CABLE_TYPE,DECLASSIFICATION_TEXT,CABLE_TEXT FROM CABLE_RELEASED WHERE CABLE_TYPE = 'Ebola Outbreak News'
