INFO:Input Location:/tmp/test
INFO:Output Location:/tmp/test
INFO:srtm_02_01.tif
INFO:(None, None)
INFO:Process Complete
INFO:Input Location:/tmp/test
INFO:Output Location:/tmp/test
INFO:Input Location:/tmp/test
INFO:Output Location:/tmp/test
INFO:srtm_02_01.tif
INFO:(None, None)
INFO:Process Complete
INFO:Input Location:/tmp/test
INFO:Output Location:/tmp/test
INFO:srtm_02_01.tif
INFO:(None, None)
INFO:Input Location:/tmp/test
INFO:Output Location:/tmp/test
INFO:srtm_02_01.tif
INFO:(None, None)
